  [1m[35m (1182.1ms)[0m  [1m[35mCREATE DATABASE "reddit_clone_development" ENCODING = 'unicode'[0m
  ↳ bin/rails:9
  [1m[35m (200.5ms)[0m  [1m[35mCREATE DATABASE "reddit_clone_test" ENCODING = 'unicode'[0m
  ↳ bin/rails:9
  [1m[35m (64.2ms)[0m  [1m[35mCREATE TABLE "schema_migrations" ("version" character varying NOT NULL PRIMARY KEY)[0m
  ↳ bin/rails:9
  [1m[35m (49.9ms)[0m  [1m[35mCREATE TABLE "ar_internal_metadata" ("key" character varying NOT NULL PRIMARY KEY, "value" character varying, "created_at" timestamp NOT NULL, "updated_at" timestamp NOT NULL)[0m
  ↳ bin/rails:9
  [1m[35m (0.3ms)[0m  [1m[34mSELECT pg_try_advisory_lock(688274183373989625)[0m
  ↳ bin/rails:9
  [1m[35m (1.2ms)[0m  [1m[34mSELECT "schema_migrations"."version" FROM "schema_migrations" ORDER BY "schema_migrations"."version" ASC[0m
  ↳ bin/rails:9
Migrating to CreateUsers (20210503171033)
  [1m[35m (0.3ms)[0m  [1m[35mBEGIN[0m
  ↳ bin/rails:9
  [1m[35m (71.9ms)[0m  [1m[35mCREATE TABLE "users" ("id" bigserial primary key, "username" character varying NOT NULL, "session_token" character varying NOT NULL, "password_digest" character varying NOT NULL, "created_at" timestamp NOT NULL, "updated_at" timestamp NOT NULL)[0m
  ↳ db/migrate/20210503171033_create_users.rb:3
  [1m[35m (8.2ms)[0m  [1m[35mCREATE  INDEX  "index_users_on_session_token" ON "users"  ("session_token")[0m
  ↳ db/migrate/20210503171033_create_users.rb:3
  [1m[36mActiveRecord::SchemaMigration Create (0.9ms)[0m  [1m[32mINSERT INTO "schema_migrations" ("version") VALUES ($1) RETURNING "version"[0m  [["version", "20210503171033"]]
  ↳ bin/rails:9
  [1m[35m (1.2ms)[0m  [1m[35mCOMMIT[0m
  ↳ bin/rails:9
  [1m[36mActiveRecord::InternalMetadata Load (1.0ms)[0m  [1m[34mSELECT  "ar_internal_metadata".* FROM "ar_internal_metadata" WHERE "ar_internal_metadata"."key" = $1 LIMIT $2[0m  [["key", "environment"], ["LIMIT", 1]]
  ↳ bin/rails:9
  [1m[35m (0.2ms)[0m  [1m[35mBEGIN[0m
  ↳ bin/rails:9
  [1m[36mActiveRecord::InternalMetadata Create (0.6ms)[0m  [1m[32mINSERT INTO "ar_internal_metadata" ("key", "value", "created_at", "updated_at") VALUES ($1, $2, $3, $4) RETURNING "key"[0m  [["key", "environment"], ["value", "development"], ["created_at", "2021-05-03 17:12:07.464431"], ["updated_at", "2021-05-03 17:12:07.464431"]]
  ↳ bin/rails:9
  [1m[35m (21.3ms)[0m  [1m[35mCOMMIT[0m
  ↳ bin/rails:9
  [1m[35m (0.3ms)[0m  [1m[34mSELECT pg_advisory_unlock(688274183373989625)[0m
  ↳ bin/rails:9
  [1m[35m (0.4ms)[0m  [1m[34mSELECT "schema_migrations"."version" FROM "schema_migrations" ORDER BY "schema_migrations"."version" ASC[0m
  ↳ bin/rails:9
  [1m[35m (1.3ms)[0m  [1m[34mSELECT "schema_migrations"."version" FROM "schema_migrations" ORDER BY "schema_migrations"."version" ASC[0m
  ↳ /Users/David/.rbenv/versions/2.5.1/bin/annotate:23
  [1m[35m (285.3ms)[0m  [1m[35mCREATE DATABASE "reddit_clone_development" ENCODING = 'unicode'[0m
  ↳ bin/rails:9
  [1m[35m (289.1ms)[0m  [1m[35mCREATE DATABASE "reddit_clone_test" ENCODING = 'unicode'[0m
  ↳ bin/rails:9
  [1m[35m (20.4ms)[0m  [1m[35mCREATE TABLE "schema_migrations" ("version" character varying NOT NULL PRIMARY KEY)[0m
  ↳ bin/rails:9
  [1m[35m (17.2ms)[0m  [1m[35mCREATE TABLE "ar_internal_metadata" ("key" character varying NOT NULL PRIMARY KEY, "value" character varying, "created_at" timestamp NOT NULL, "updated_at" timestamp NOT NULL)[0m
  ↳ bin/rails:9
  [1m[35m (0.2ms)[0m  [1m[34mSELECT pg_try_advisory_lock(688274183373989625)[0m
  ↳ bin/rails:9
  [1m[35m (0.3ms)[0m  [1m[34mSELECT "schema_migrations"."version" FROM "schema_migrations" ORDER BY "schema_migrations"."version" ASC[0m
  ↳ bin/rails:9
Migrating to CreateUsers (20210503171033)
  [1m[35m (0.1ms)[0m  [1m[35mBEGIN[0m
  ↳ bin/rails:9
  [1m[35m (14.7ms)[0m  [1m[35mCREATE TABLE "users" ("id" bigserial primary key, "username" character varying NOT NULL, "session_token" character varying NOT NULL, "password_digest" character varying NOT NULL, "created_at" timestamp NOT NULL, "updated_at" timestamp NOT NULL)[0m
  ↳ db/migrate/20210503171033_create_users.rb:3
  [1m[35m (6.4ms)[0m  [1m[35mCREATE  INDEX  "index_users_on_session_token" ON "users"  ("session_token")[0m
  ↳ db/migrate/20210503171033_create_users.rb:3
  [1m[36mActiveRecord::SchemaMigration Create (4.9ms)[0m  [1m[32mINSERT INTO "schema_migrations" ("version") VALUES ($1) RETURNING "version"[0m  [["version", "20210503171033"]]
  ↳ bin/rails:9
  [1m[35m (3.7ms)[0m  [1m[35mCOMMIT[0m
  ↳ bin/rails:9
Migrating to CreateSubs (20210503174731)
  [1m[35m (0.1ms)[0m  [1m[35mBEGIN[0m
  ↳ bin/rails:9
  [1m[35m (13.8ms)[0m  [1m[35mCREATE TABLE "subs" ("id" bigserial primary key, "title" character varying NOT NULL, "description" text NOT NULL, "author_id" integer NOT NULL, "created_at" timestamp NOT NULL, "updated_at" timestamp NOT NULL)[0m
  ↳ db/migrate/20210503174731_create_subs.rb:3
  [1m[35m (7.1ms)[0m  [1m[35mCREATE  INDEX  "index_subs_on_author_id" ON "subs"  ("author_id")[0m
  ↳ db/migrate/20210503174731_create_subs.rb:3
  [1m[36mActiveRecord::SchemaMigration Create (0.3ms)[0m  [1m[32mINSERT INTO "schema_migrations" ("version") VALUES ($1) RETURNING "version"[0m  [["version", "20210503174731"]]
  ↳ bin/rails:9
  [1m[35m (3.6ms)[0m  [1m[35mCOMMIT[0m
  ↳ bin/rails:9
  [1m[36mActiveRecord::InternalMetadata Load (0.2ms)[0m  [1m[34mSELECT  "ar_internal_metadata".* FROM "ar_internal_metadata" WHERE "ar_internal_metadata"."key" = $1 LIMIT $2[0m  [["key", "environment"], ["LIMIT", 1]]
  ↳ bin/rails:9
  [1m[35m (0.1ms)[0m  [1m[35mBEGIN[0m
  ↳ bin/rails:9
  [1m[36mActiveRecord::InternalMetadata Create (0.2ms)[0m  [1m[32mINSERT INTO "ar_internal_metadata" ("key", "value", "created_at", "updated_at") VALUES ($1, $2, $3, $4) RETURNING "key"[0m  [["key", "environment"], ["value", "development"], ["created_at", "2021-05-03 17:50:43.182647"], ["updated_at", "2021-05-03 17:50:43.182647"]]
  ↳ bin/rails:9
  [1m[35m (3.0ms)[0m  [1m[35mCOMMIT[0m
  ↳ bin/rails:9
  [1m[35m (0.1ms)[0m  [1m[34mSELECT pg_advisory_unlock(688274183373989625)[0m
  ↳ bin/rails:9
  [1m[35m (0.2ms)[0m  [1m[34mSELECT "schema_migrations"."version" FROM "schema_migrations" ORDER BY "schema_migrations"."version" ASC[0m
  ↳ bin/rails:9
  [1m[35m (0.3ms)[0m  [1m[34mSELECT "schema_migrations"."version" FROM "schema_migrations" ORDER BY "schema_migrations"."version" ASC[0m
  ↳ /home/josiah/.rbenv/versions/2.5.1/bin/annotate:23
  [1m[35m (0.1ms)[0m  [1m[34mSELECT pg_try_advisory_lock(688274183373989625)[0m
  ↳ bin/rails:9
  [1m[35m (0.4ms)[0m  [1m[34mSELECT "schema_migrations"."version" FROM "schema_migrations" ORDER BY "schema_migrations"."version" ASC[0m
  ↳ bin/rails:9
Migrating to CreatePosts (20210503175157)
  [1m[35m (0.1ms)[0m  [1m[35mBEGIN[0m
  ↳ bin/rails:9
  [1m[35m (19.1ms)[0m  [1m[35mCREATE TABLE "posts" ("id" bigserial primary key, "title" character varying NOT NULL, "sub_id" integer NOT NULL, "author_id" integer NOT NULL, "created_at" timestamp NOT NULL, "updated_at" timestamp NOT NULL)[0m
  ↳ db/migrate/20210503175157_create_posts.rb:3
  [1m[35m (6.4ms)[0m  [1m[35mCREATE  INDEX  "index_posts_on_sub_id" ON "posts"  ("sub_id")[0m
  ↳ db/migrate/20210503175157_create_posts.rb:3
  [1m[35m (7.0ms)[0m  [1m[35mCREATE  INDEX  "index_posts_on_author_id" ON "posts"  ("author_id")[0m
  ↳ db/migrate/20210503175157_create_posts.rb:3
  [1m[36mActiveRecord::SchemaMigration Create (0.2ms)[0m  [1m[32mINSERT INTO "schema_migrations" ("version") VALUES ($1) RETURNING "version"[0m  [["version", "20210503175157"]]
  ↳ bin/rails:9
  [1m[35m (4.2ms)[0m  [1m[35mCOMMIT[0m
  ↳ bin/rails:9
  [1m[36mActiveRecord::InternalMetadata Load (0.2ms)[0m  [1m[34mSELECT  "ar_internal_metadata".* FROM "ar_internal_metadata" WHERE "ar_internal_metadata"."key" = $1 LIMIT $2[0m  [["key", "environment"], ["LIMIT", 1]]
  ↳ bin/rails:9
  [1m[35m (0.2ms)[0m  [1m[35mBEGIN[0m
  ↳ bin/rails:9
  [1m[35m (0.1ms)[0m  [1m[35mCOMMIT[0m
  ↳ bin/rails:9
  [1m[35m (0.2ms)[0m  [1m[34mSELECT pg_advisory_unlock(688274183373989625)[0m
  ↳ bin/rails:9
  [1m[35m (0.1ms)[0m  [1m[34mSELECT "schema_migrations"."version" FROM "schema_migrations" ORDER BY "schema_migrations"."version" ASC[0m
  ↳ bin/rails:9
  [1m[35m (0.1ms)[0m  [1m[34mSELECT pg_try_advisory_lock(688274183373989625)[0m
  ↳ bin/rails:9
  [1m[35m (0.3ms)[0m  [1m[34mSELECT "schema_migrations"."version" FROM "schema_migrations" ORDER BY "schema_migrations"."version" ASC[0m
  ↳ bin/rails:9
Migrating to Editsubs (20210503175420)
  [1m[35m (0.1ms)[0m  [1m[35mBEGIN[0m
  ↳ bin/rails:9
  [1m[35m (0.6ms)[0m  [1m[35mALTER TABLE "subs" DROP COLUMN "author_id"[0m
  ↳ db/migrate/20210503175420_editsubs.rb:3
  [1m[35m (0.2ms)[0m  [1m[35mALTER TABLE "subs" ADD "moderator_id" integer NOT NULL[0m
  ↳ db/migrate/20210503175420_editsubs.rb:4
  [1m[36mActiveRecord::SchemaMigration Create (0.3ms)[0m  [1m[32mINSERT INTO "schema_migrations" ("version") VALUES ($1) RETURNING "version"[0m  [["version", "20210503175420"]]
  ↳ bin/rails:9
  [1m[35m (3.8ms)[0m  [1m[35mCOMMIT[0m
  ↳ bin/rails:9
  [1m[36mActiveRecord::InternalMetadata Load (0.3ms)[0m  [1m[34mSELECT  "ar_internal_metadata".* FROM "ar_internal_metadata" WHERE "ar_internal_metadata"."key" = $1 LIMIT $2[0m  [["key", "environment"], ["LIMIT", 1]]
  ↳ bin/rails:9
  [1m[35m (0.1ms)[0m  [1m[35mBEGIN[0m
  ↳ bin/rails:9
  [1m[35m (0.2ms)[0m  [1m[35mCOMMIT[0m
  ↳ bin/rails:9
  [1m[35m (0.3ms)[0m  [1m[34mSELECT pg_advisory_unlock(688274183373989625)[0m
  ↳ bin/rails:9
  [1m[35m (0.3ms)[0m  [1m[34mSELECT "schema_migrations"."version" FROM "schema_migrations" ORDER BY "schema_migrations"."version" ASC[0m
  ↳ bin/rails:9
  [1m[35m (0.3ms)[0m  [1m[34mSELECT "schema_migrations"."version" FROM "schema_migrations" ORDER BY "schema_migrations"."version" ASC[0m
  ↳ /home/josiah/.rbenv/versions/2.5.1/bin/annotate:23
Started GET "/users/new" for ::1 at 2021-05-03 11:32:11 -0700
  [1m[35m (3.2ms)[0m  [1m[34mSELECT "schema_migrations"."version" FROM "schema_migrations" ORDER BY "schema_migrations"."version" ASC[0m
  ↳ /Users/David/.rbenv/versions/2.5.1/lib/ruby/gems/2.5.0/gems/activerecord-5.2.5/lib/active_record/log_subscriber.rb:98

ActiveRecord::PendingMigrationError - Migrations are pending. To resolve this issue, run:
        bin/rails db:migrate RAILS_ENV=development:

Started POST "/__better_errors/240778cd28dd2bfc/variables" for ::1 at 2021-05-03 11:32:12 -0700
  [1m[35m (1.9ms)[0m  [1m[34mSELECT "schema_migrations"."version" FROM "schema_migrations" ORDER BY "schema_migrations"."version" ASC[0m
  ↳ bin/rails:9
  [1m[35m (1.9ms)[0m  [1m[34mSELECT "schema_migrations"."version" FROM "schema_migrations" ORDER BY "schema_migrations"."version" ASC[0m
  ↳ bin/rails:9
  [1m[35m (1.6ms)[0m  [1m[34mSELECT "ar_internal_metadata"."value" FROM "ar_internal_metadata" WHERE "ar_internal_metadata"."key" = $1[0m  [["key", "environment"]]
  ↳ bin/rails:9
  [1m[35m (0.3ms)[0m  [1m[34mSELECT "schema_migrations"."version" FROM "schema_migrations" ORDER BY "schema_migrations"."version" ASC[0m
  ↳ bin/rails:9
  [1m[35m (0.5ms)[0m  [1m[34mSELECT "ar_internal_metadata"."value" FROM "ar_internal_metadata" WHERE "ar_internal_metadata"."key" = $1[0m  [["key", "environment"]]
  ↳ bin/rails:9
  [1m[35m (0.4ms)[0m  [1m[34mSELECT "schema_migrations"."version" FROM "schema_migrations" ORDER BY "schema_migrations"."version" ASC[0m
  ↳ bin/rails:9
  [1m[35m (0.2ms)[0m  [1m[34mSELECT "ar_internal_metadata"."value" FROM "ar_internal_metadata" WHERE "ar_internal_metadata"."key" = $1[0m  [["key", "environment"]]
  ↳ bin/rails:9
  [1m[35m (8651.6ms)[0m  [1m[35mDROP DATABASE IF EXISTS "reddit_clone_development"[0m
  ↳ bin/rails:9
  [1m[35m (1.9ms)[0m  [1m[35mCREATE DATABASE "reddit_clone_development" ENCODING = 'unicode'[0m
  ↳ bin/rails:9
  [1m[35m (2.2ms)[0m  [1m[35mCREATE DATABASE "reddit_clone_test" ENCODING = 'unicode'[0m
  ↳ bin/rails:9
  [1m[35m (1.5ms)[0m  [1m[34mSELECT "schema_migrations"."version" FROM "schema_migrations" ORDER BY "schema_migrations"."version" ASC[0m
  ↳ bin/rails:9
  [1m[35m (0.7ms)[0m  [1m[34mSELECT pg_try_advisory_lock(688274183373989625)[0m
  ↳ bin/rails:9
  [1m[35m (2.1ms)[0m  [1m[34mSELECT "schema_migrations"."version" FROM "schema_migrations" ORDER BY "schema_migrations"."version" ASC[0m
  ↳ bin/rails:9
Migrating to CreateSubs (20210503174731)
  [1m[35m (0.2ms)[0m  [1m[35mBEGIN[0m
  ↳ bin/rails:9
  [1m[35m (72.0ms)[0m  [1m[35mCREATE TABLE "subs" ("id" bigserial primary key, "title" character varying NOT NULL, "description" text NOT NULL, "author_id" integer NOT NULL, "created_at" timestamp NOT NULL, "updated_at" timestamp NOT NULL)[0m
  ↳ db/migrate/20210503174731_create_subs.rb:3
  [1m[35m (2.2ms)[0m  [1m[35mCREATE  INDEX  "index_subs_on_author_id" ON "subs"  ("author_id")[0m
  ↳ db/migrate/20210503174731_create_subs.rb:3
  [1m[36mActiveRecord::SchemaMigration Create (0.6ms)[0m  [1m[32mINSERT INTO "schema_migrations" ("version") VALUES ($1) RETURNING "version"[0m  [["version", "20210503174731"]]
  ↳ bin/rails:9
  [1m[35m (5.8ms)[0m  [1m[35mCOMMIT[0m
  ↳ bin/rails:9
Migrating to CreatePosts (20210503175157)
  [1m[35m (8.7ms)[0m  [1m[35mBEGIN[0m
  ↳ bin/rails:9
  [1m[35m (41.1ms)[0m  [1m[35mCREATE TABLE "posts" ("id" bigserial primary key, "title" character varying NOT NULL, "sub_id" integer NOT NULL, "author_id" integer NOT NULL, "created_at" timestamp NOT NULL, "updated_at" timestamp NOT NULL)[0m
  ↳ db/migrate/20210503175157_create_posts.rb:3
  [1m[35m (1.9ms)[0m  [1m[35mCREATE  INDEX  "index_posts_on_sub_id" ON "posts"  ("sub_id")[0m
  ↳ db/migrate/20210503175157_create_posts.rb:3
  [1m[35m (2.2ms)[0m  [1m[35mCREATE  INDEX  "index_posts_on_author_id" ON "posts"  ("author_id")[0m
  ↳ db/migrate/20210503175157_create_posts.rb:3
  [1m[36mActiveRecord::SchemaMigration Create (0.6ms)[0m  [1m[32mINSERT INTO "schema_migrations" ("version") VALUES ($1) RETURNING "version"[0m  [["version", "20210503175157"]]
  ↳ bin/rails:9
  [1m[35m (0.8ms)[0m  [1m[35mCOMMIT[0m
  ↳ bin/rails:9
Migrating to Editsubs (20210503175420)
  [1m[35m (16.2ms)[0m  [1m[35mBEGIN[0m
  ↳ bin/rails:9
  [1m[35m (73.6ms)[0m  [1m[35mALTER TABLE "subs" DROP COLUMN "author_id"[0m
  ↳ db/migrate/20210503175420_editsubs.rb:3
  [1m[35m (33.8ms)[0m  [1m[35mALTER TABLE "subs" ADD "moderator_id" integer NOT NULL[0m
  ↳ db/migrate/20210503175420_editsubs.rb:4
  [1m[36mActiveRecord::SchemaMigration Create (3.3ms)[0m  [1m[32mINSERT INTO "schema_migrations" ("version") VALUES ($1) RETURNING "version"[0m  [["version", "20210503175420"]]
  ↳ bin/rails:9
  [1m[35m (18.2ms)[0m  [1m[35mCOMMIT[0m
  ↳ bin/rails:9
  [1m[36mActiveRecord::InternalMetadata Load (0.9ms)[0m  [1m[34mSELECT  "ar_internal_metadata".* FROM "ar_internal_metadata" WHERE "ar_internal_metadata"."key" = $1 LIMIT $2[0m  [["key", "environment"], ["LIMIT", 1]]
  ↳ bin/rails:9
  [1m[35m (0.4ms)[0m  [1m[35mBEGIN[0m
  ↳ bin/rails:9
  [1m[35m (0.3ms)[0m  [1m[35mCOMMIT[0m
  ↳ bin/rails:9
  [1m[35m (2.5ms)[0m  [1m[34mSELECT pg_advisory_unlock(688274183373989625)[0m
  ↳ bin/rails:9
  [1m[35m (0.3ms)[0m  [1m[34mSELECT "schema_migrations"."version" FROM "schema_migrations" ORDER BY "schema_migrations"."version" ASC[0m
  ↳ bin/rails:9
  [1m[35m (0.4ms)[0m  [1m[34mSELECT pg_try_advisory_lock(688274183373989625)[0m
  ↳ bin/rails:9
  [1m[35m (1.1ms)[0m  [1m[34mSELECT "schema_migrations"."version" FROM "schema_migrations" ORDER BY "schema_migrations"."version" ASC[0m
  ↳ bin/rails:9
  [1m[36mActiveRecord::InternalMetadata Load (1.2ms)[0m  [1m[34mSELECT  "ar_internal_metadata".* FROM "ar_internal_metadata" WHERE "ar_internal_metadata"."key" = $1 LIMIT $2[0m  [["key", "environment"], ["LIMIT", 1]]
  ↳ bin/rails:9
  [1m[35m (0.2ms)[0m  [1m[35mBEGIN[0m
  ↳ bin/rails:9
  [1m[35m (0.3ms)[0m  [1m[35mCOMMIT[0m
  ↳ bin/rails:9
  [1m[35m (0.4ms)[0m  [1m[34mSELECT pg_advisory_unlock(688274183373989625)[0m
  ↳ bin/rails:9
  [1m[35m (0.3ms)[0m  [1m[34mSELECT "schema_migrations"."version" FROM "schema_migrations" ORDER BY "schema_migrations"."version" ASC[0m
  ↳ bin/rails:9
  [1m[35m (1.0ms)[0m  [1m[34mSELECT "schema_migrations"."version" FROM "schema_migrations" ORDER BY "schema_migrations"."version" ASC[0m
  ↳ /Users/David/.rbenv/versions/2.5.1/bin/annotate:23
Started GET "/users/new" for ::1 at 2021-05-03 11:34:10 -0700
  [1m[35m (0.6ms)[0m  [1m[34mSELECT "schema_migrations"."version" FROM "schema_migrations" ORDER BY "schema_migrations"."version" ASC[0m
  ↳ /Users/David/.rbenv/versions/2.5.1/lib/ruby/gems/2.5.0/gems/activerecord-5.2.5/lib/active_record/log_subscriber.rb:98
Processing by UsersController#new as HTML
  Rendering users/new.html.erb within layouts/application
  Rendered users/new.html.erb within layouts/application (19.4ms)
  [1m[36mUser Load (28.3ms)[0m  [1m[34mSELECT  "users".* FROM "users" WHERE "users"."session_token" IS NULL LIMIT $1[0m  [["LIMIT", 1]]
  ↳ app/controllers/application_controller.rb:8
Completed 200 OK in 5218ms (Views: 4602.4ms | ActiveRecord: 245.4ms)


Started POST "/users" for ::1 at 2021-05-03 11:34:28 -0700
Processing by UsersController#create as HTML
  Parameters: {"authenticity_token"=>"nis1KVkY35FPNLiJS30cAvlPdgc2kiR_F57rK5jw8k1S-4hwPpjv7lshhNL_BVCRx-b5aRg6vHOPw1YBgzDYoQ", "user"=>{"username"=>"iamnew", "password"=>"[FILTERED]"}}
Completed 500 Internal Server Error in 19ms (ActiveRecord: 0.0ms)



NameError - uninitialized constant User::BCrypt:
  app/models/user.rb:38:in `password='
  app/controllers/users_controller.rb:11:in `create'

Started POST "/__better_errors/3ab517e08a1702e5/variables" for ::1 at 2021-05-03 11:34:28 -0700
Started GET "/users/new" for ::1 at 2021-05-03 11:35:00 -0700
Processing by UsersController#new as HTML
  Rendering users/new.html.erb within layouts/application
  Rendered users/new.html.erb within layouts/application (4.1ms)
  [1m[36mUser Load (0.6ms)[0m  [1m[34mSELECT  "users".* FROM "users" WHERE "users"."session_token" IS NULL LIMIT $1[0m  [["LIMIT", 1]]
  ↳ app/controllers/application_controller.rb:8
Completed 200 OK in 368ms (Views: 366.1ms | ActiveRecord: 0.6ms)


Started POST "/users" for ::1 at 2021-05-03 11:35:14 -0700
Processing by UsersController#create as HTML
  Parameters: {"authenticity_token"=>"bvfrNicr7FyNA_-np2ZGu_5QSZJS2c-YsqD6IoDI8ouiJ1ZvQKvcI5kWw_wTHgoowPnG_HxxV5Qq_UcImwjYZw", "user"=>{"username"=>"cat456", "password"=>"[FILTERED]"}}
Completed 500 Internal Server Error in 6ms (ActiveRecord: 0.0ms)



NameError - uninitialized constant User::BCrypt:
  app/models/user.rb:38:in `password='
  app/controllers/users_controller.rb:11:in `create'

Started POST "/__better_errors/d11f1cb2fc8f7b84/variables" for ::1 at 2021-05-03 11:35:15 -0700
Started POST "/__better_errors/d11f1cb2fc8f7b84/variables" for ::1 at 2021-05-03 11:35:59 -0700
Started GET "/users/new" for ::1 at 2021-05-03 11:36:40 -0700
  [1m[35m (2.3ms)[0m  [1m[34mSELECT "schema_migrations"."version" FROM "schema_migrations" ORDER BY "schema_migrations"."version" ASC[0m
  ↳ /Users/David/.rbenv/versions/2.5.1/lib/ruby/gems/2.5.0/gems/activerecord-5.2.5/lib/active_record/log_subscriber.rb:98
Processing by UsersController#new as HTML
  Rendering users/new.html.erb within layouts/application
  Rendered users/new.html.erb within layouts/application (61.0ms)
  [1m[36mUser Load (7.0ms)[0m  [1m[34mSELECT  "users".* FROM "users" WHERE "users"."session_token" IS NULL LIMIT $1[0m  [["LIMIT", 1]]
  ↳ app/controllers/application_controller.rb:8
Completed 200 OK in 1759ms (Views: 1513.3ms | ActiveRecord: 126.2ms)


Started POST "/users" for ::1 at 2021-05-03 11:36:49 -0700
Processing by UsersController#create as HTML
  Parameters: {"authenticity_token"=>"6z4xvyltSwJ9gsV2l7Kg2ORu4wmCSfnm2MkguIv0qFUn7ozmTu17fWmX-S0jyuxL2sdsZ6zhYepAlJ2SkDSCuQ", "user"=>{"username"=>"anothaone", "password"=>"[FILTERED]"}}
  [1m[35m (0.5ms)[0m  [1m[35mBEGIN[0m
  ↳ app/controllers/users_controller.rb:12
  [1m[36mUser Exists (74.3ms)[0m  [1m[34mSELECT  1 AS one FROM "users" WHERE "users"."username" = $1 LIMIT $2[0m  [["username", "anothaone"], ["LIMIT", 1]]
  ↳ app/controllers/users_controller.rb:12
  [1m[36mUser Exists (41.2ms)[0m  [1m[34mSELECT  1 AS one FROM "users" WHERE "users"."session_token" = $1 LIMIT $2[0m  [["session_token", "Bx2qYiML4a0W1NWvL89n4A"], ["LIMIT", 1]]
  ↳ app/controllers/users_controller.rb:12
  [1m[36mUser Create (32.7ms)[0m  [1m[32mINSERT INTO "users" ("username", "session_token", "password_digest", "created_at", "updated_at") VALUES ($1, $2, $3, $4, $5) RETURNING "id"[0m  [["username", "anothaone"], ["session_token", "Bx2qYiML4a0W1NWvL89n4A"], ["password_digest", "$2a$12$xbElR5CEk2F02aJY9gZ6VufasWHyMdLTNtjRlm4FriDsVRRmnP96S"], ["created_at", "2021-05-03 18:36:50.412920"], ["updated_at", "2021-05-03 18:36:50.412920"]]
  ↳ app/controllers/users_controller.rb:12
  [1m[35m (42.8ms)[0m  [1m[35mCOMMIT[0m
  ↳ app/controllers/users_controller.rb:12
  [1m[35m (39.7ms)[0m  [1m[35mBEGIN[0m
  ↳ app/models/user.rb:49
  [1m[36mUser Exists (53.2ms)[0m  [1m[34mSELECT  1 AS one FROM "users" WHERE "users"."username" = $1 AND "users"."id" != $2 LIMIT $3[0m  [["username", "anothaone"], ["id", 1], ["LIMIT", 1]]
  ↳ app/models/user.rb:49
  [1m[36mUser Exists (14.5ms)[0m  [1m[34mSELECT  1 AS one FROM "users" WHERE "users"."session_token" = $1 AND "users"."id" != $2 LIMIT $3[0m  [["session_token", "60CBDquqa_lBIOmSRIkY-Q"], ["id", 1], ["LIMIT", 1]]
  ↳ app/models/user.rb:49
  [1m[36mUser Update (16.6ms)[0m  [1m[33mUPDATE "users" SET "session_token" = $1, "updated_at" = $2 WHERE "users"."id" = $3[0m  [["session_token", "60CBDquqa_lBIOmSRIkY-Q"], ["updated_at", "2021-05-03 18:36:50.631180"], ["id", 1]]
  ↳ app/models/user.rb:49
  [1m[35m (81.9ms)[0m  [1m[35mCOMMIT[0m
  ↳ app/models/user.rb:49
Redirected to http://localhost:3000/users
Completed 302 Found in 1263ms (ActiveRecord: 397.4ms)


Started GET "/users" for ::1 at 2021-05-03 11:36:50 -0700
Processing by UsersController#index as HTML
  [1m[36mUser Load (21.9ms)[0m  [1m[34mSELECT  "users".* FROM "users" WHERE "users"."session_token" = $1 LIMIT $2[0m  [["session_token", "60CBDquqa_lBIOmSRIkY-Q"], ["LIMIT", 1]]
  ↳ app/controllers/application_controller.rb:8
  Rendering users/index.html.erb within layouts/application
  [1m[36mUser Load (114.2ms)[0m  [1m[34mSELECT "users".* FROM "users"[0m
  ↳ app/views/users/index.html.erb:4
  Rendered users/index.html.erb within layouts/application (118.0ms)
Completed 200 OK in 401ms (Views: 236.2ms | ActiveRecord: 136.1ms)


Started GET "/users/1" for ::1 at 2021-05-03 11:36:57 -0700
Processing by UsersController#show as HTML
  Parameters: {"id"=>"1"}
  [1m[36mUser Load (27.1ms)[0m  [1m[34mSELECT  "users".* FROM "users" WHERE "users"."session_token" = $1 LIMIT $2[0m  [["session_token", "60CBDquqa_lBIOmSRIkY-Q"], ["LIMIT", 1]]
  ↳ app/controllers/application_controller.rb:8
  [1m[36mUser Load (0.4ms)[0m  [1m[34mSELECT  "users".* FROM "users" WHERE "users"."id" = $1 LIMIT $2[0m  [["id", 1], ["LIMIT", 1]]
  ↳ app/controllers/users_controller.rb:22
  Rendering users/show.html.erb within layouts/application
  Rendered users/show.html.erb within layouts/application (0.5ms)
Completed 200 OK in 258ms (Views: 224.7ms | ActiveRecord: 27.4ms)


Started GET "/users/1" for ::1 at 2021-05-03 11:39:06 -0700
Processing by UsersController#show as HTML
  Parameters: {"id"=>"1"}
  [1m[36mUser Load (12.4ms)[0m  [1m[34mSELECT  "users".* FROM "users" WHERE "users"."session_token" = $1 LIMIT $2[0m  [["session_token", "60CBDquqa_lBIOmSRIkY-Q"], ["LIMIT", 1]]
  ↳ app/controllers/application_controller.rb:8
  [1m[36mUser Load (76.9ms)[0m  [1m[34mSELECT  "users".* FROM "users" WHERE "users"."id" = $1 LIMIT $2[0m  [["id", 1], ["LIMIT", 1]]
  ↳ app/controllers/users_controller.rb:22
  Rendering users/show.html.erb within layouts/application
  Rendered users/show.html.erb within layouts/application (13.5ms)
Completed 200 OK in 224ms (Views: 130.0ms | ActiveRecord: 89.3ms)


Started GET "/users/1" for ::1 at 2021-05-03 11:39:22 -0700
Processing by UsersController#show as HTML
  Parameters: {"id"=>"1"}
  [1m[36mUser Load (24.5ms)[0m  [1m[34mSELECT  "users".* FROM "users" WHERE "users"."session_token" = $1 LIMIT $2[0m  [["session_token", "60CBDquqa_lBIOmSRIkY-Q"], ["LIMIT", 1]]
  ↳ app/controllers/application_controller.rb:8
  [1m[36mUser Load (33.5ms)[0m  [1m[34mSELECT  "users".* FROM "users" WHERE "users"."id" = $1 LIMIT $2[0m  [["id", 1], ["LIMIT", 1]]
  ↳ app/controllers/users_controller.rb:22
  Rendering users/show.html.erb within layouts/application
  Rendered users/show.html.erb within layouts/application (1.1ms)
Completed 200 OK in 185ms (Views: 120.6ms | ActiveRecord: 58.0ms)


Started GET "/users" for ::1 at 2021-05-03 11:39:26 -0700
Processing by UsersController#index as HTML
  [1m[36mUser Load (1.9ms)[0m  [1m[34mSELECT  "users".* FROM "users" WHERE "users"."session_token" = $1 LIMIT $2[0m  [["session_token", "60CBDquqa_lBIOmSRIkY-Q"], ["LIMIT", 1]]
  ↳ app/controllers/application_controller.rb:8
  Rendering users/index.html.erb within layouts/application
  [1m[36mUser Load (15.0ms)[0m  [1m[34mSELECT "users".* FROM "users"[0m
  ↳ app/views/users/index.html.erb:4
  Rendered users/index.html.erb within layouts/application (18.2ms)
Completed 200 OK in 183ms (Views: 161.1ms | ActiveRecord: 16.9ms)


Started GET "/users/1" for ::1 at 2021-05-03 11:39:28 -0700
Processing by UsersController#show as HTML
  Parameters: {"id"=>"1"}
  [1m[36mUser Load (136.6ms)[0m  [1m[34mSELECT  "users".* FROM "users" WHERE "users"."session_token" = $1 LIMIT $2[0m  [["session_token", "60CBDquqa_lBIOmSRIkY-Q"], ["LIMIT", 1]]
  ↳ app/controllers/application_controller.rb:8
  [1m[36mUser Load (92.4ms)[0m  [1m[34mSELECT  "users".* FROM "users" WHERE "users"."id" = $1 LIMIT $2[0m  [["id", 1], ["LIMIT", 1]]
  ↳ app/controllers/users_controller.rb:22
  Rendering users/show.html.erb within layouts/application
  Rendered users/show.html.erb within layouts/application (1.4ms)
Completed 200 OK in 408ms (Views: 152.3ms | ActiveRecord: 228.9ms)


Started GET "/subs" for ::1 at 2021-05-03 11:39:29 -0700
Processing by SubsController#index as HTML
  Rendering subs/index.html.erb within layouts/application
  Rendered subs/index.html.erb within layouts/application (9.5ms)
  [1m[36mUser Load (0.4ms)[0m  [1m[34mSELECT  "users".* FROM "users" WHERE "users"."session_token" = $1 LIMIT $2[0m  [["session_token", "60CBDquqa_lBIOmSRIkY-Q"], ["LIMIT", 1]]
  ↳ app/controllers/application_controller.rb:8
Completed 200 OK in 170ms (Views: 155.4ms | ActiveRecord: 0.4ms)


Started GET "/subs" for ::1 at 2021-05-03 11:41:05 -0700
Processing by SubsController#index as HTML
  Rendering subs/index.html.erb within layouts/application
  [1m[36mSub Load (30.4ms)[0m  [1m[34mSELECT "subs".* FROM "subs"[0m
  ↳ app/views/subs/index.html.erb:4
  Rendered subs/index.html.erb within layouts/application (81.9ms)
  [1m[36mUser Load (0.4ms)[0m  [1m[34mSELECT  "users".* FROM "users" WHERE "users"."session_token" = $1 LIMIT $2[0m  [["session_token", "60CBDquqa_lBIOmSRIkY-Q"], ["LIMIT", 1]]
  ↳ app/controllers/application_controller.rb:8
Completed 200 OK in 212ms (Views: 134.4ms | ActiveRecord: 75.4ms)


Started GET "/subs" for ::1 at 2021-05-03 11:52:09 -0700
Processing by SubsController#index as HTML
  Rendering subs/index.html.erb within layouts/application
  [1m[36mSub Load (4.7ms)[0m  [1m[34mSELECT "subs".* FROM "subs"[0m
  ↳ app/views/subs/index.html.erb:4
  Rendered subs/index.html.erb within layouts/application (84.7ms)
  [1m[36mUser Load (1.1ms)[0m  [1m[34mSELECT  "users".* FROM "users" WHERE "users"."session_token" = $1 LIMIT $2[0m  [["session_token", "60CBDquqa_lBIOmSRIkY-Q"], ["LIMIT", 1]]
  ↳ app/controllers/application_controller.rb:8
Completed 200 OK in 519ms (Views: 320.9ms | ActiveRecord: 181.2ms)


Started GET "/subs/new" for ::1 at 2021-05-03 11:52:12 -0700
Processing by SubsController#new as HTML
  Rendering subs/new.html.erb within layouts/application
  [1m[36mUser Load (91.1ms)[0m  [1m[34mSELECT  "users".* FROM "users" WHERE "users"."session_token" = $1 LIMIT $2[0m  [["session_token", "60CBDquqa_lBIOmSRIkY-Q"], ["LIMIT", 1]]
  ↳ app/controllers/application_controller.rb:8
  Rendered subs/new.html.erb within layouts/application (103.8ms)
Completed 200 OK in 334ms (Views: 195.6ms | ActiveRecord: 111.8ms)


Started GET "/subs/new" for ::1 at 2021-05-03 11:52:35 -0700
Processing by SubsController#new as HTML
  Rendering subs/new.html.erb within layouts/application
  [1m[36mUser Load (2.4ms)[0m  [1m[34mSELECT  "users".* FROM "users" WHERE "users"."session_token" = $1 LIMIT $2[0m  [["session_token", "60CBDquqa_lBIOmSRIkY-Q"], ["LIMIT", 1]]
  ↳ app/controllers/application_controller.rb:8
  Rendered subs/new.html.erb within layouts/application (5.1ms)
Completed 200 OK in 95ms (Views: 89.7ms | ActiveRecord: 2.4ms)


Started POST "/subs" for ::1 at 2021-05-03 11:52:48 -0700
Processing by SubsController#create as HTML
  Parameters: {"authenticity_token"=>"FeQcOHxK1LMTGNz8M1NvPMeb9CtCE3Ir8YYX7LqEATjZNKFhG8rkzAcN4KeHKyOv-TJ7RWy76idp26rGoUQr1A", "sub"=>{"moderator_id"=>"1", "title"=>"this is all about my first sub"}}
  [1m[35m (38.8ms)[0m  [1m[35mBEGIN[0m
  ↳ app/controllers/subs_controller.rb:14
  [1m[36mUser Load (0.6ms)[0m  [1m[34mSELECT  "users".* FROM "users" WHERE "users"."id" = $1 LIMIT $2[0m  [["id", 1], ["LIMIT", 1]]
  ↳ app/controllers/subs_controller.rb:14
  [1m[35m (0.4ms)[0m  [1m[31mROLLBACK[0m
  ↳ app/controllers/subs_controller.rb:14
  Rendering subs/new.html.erb within layouts/application
  [1m[36mUser Load (45.3ms)[0m  [1m[34mSELECT  "users".* FROM "users" WHERE "users"."session_token" = $1 LIMIT $2[0m  [["session_token", "60CBDquqa_lBIOmSRIkY-Q"], ["LIMIT", 1]]
  ↳ app/controllers/application_controller.rb:8
  Rendered subs/new.html.erb within layouts/application (49.7ms)
Completed 200 OK in 531ms (Views: 195.6ms | ActiveRecord: 85.0ms)


Started POST "/subs" for ::1 at 2021-05-03 11:53:18 -0700
Processing by SubsController#create as HTML
  Parameters: {"authenticity_token"=>"pzY4dBcnPIcz_g44QJu1_ILOzBWJIWYBDE63KpY_xwhr5oUtcKcM-CfrMmP04_lvvGdDe6eJ_g2UEwoAjf_t5A", "sub"=>{"moderator_id"=>"1", "title"=>"all about my first sub"}}
  [1m[35m (0.6ms)[0m  [1m[35mBEGIN[0m
  ↳ app/controllers/subs_controller.rb:14
  [1m[36mUser Load (13.0ms)[0m  [1m[34mSELECT  "users".* FROM "users" WHERE "users"."id" = $1 LIMIT $2[0m  [["id", 1], ["LIMIT", 1]]
  ↳ app/controllers/subs_controller.rb:14
  [1m[35m (20.0ms)[0m  [1m[31mROLLBACK[0m
  ↳ app/controllers/subs_controller.rb:14
  Rendering subs/new.html.erb within layouts/application
  [1m[36mUser Load (43.0ms)[0m  [1m[34mSELECT  "users".* FROM "users" WHERE "users"."session_token" = $1 LIMIT $2[0m  [["session_token", "60CBDquqa_lBIOmSRIkY-Q"], ["LIMIT", 1]]
  ↳ app/controllers/application_controller.rb:8
  Rendered subs/new.html.erb within layouts/application (45.2ms)
Completed 200 OK in 402ms (Views: 307.6ms | ActiveRecord: 76.6ms)


Started GET "/subs" for ::1 at 2021-05-03 11:54:50 -0700
Processing by SubsController#index as HTML
  Rendering subs/index.html.erb within layouts/application
  [1m[36mSub Load (35.5ms)[0m  [1m[34mSELECT "subs".* FROM "subs"[0m
  ↳ app/views/subs/index.html.erb:4
  Rendered subs/index.html.erb within layouts/application (57.1ms)
  [1m[36mUser Load (1.0ms)[0m  [1m[34mSELECT  "users".* FROM "users" WHERE "users"."session_token" = $1 LIMIT $2[0m  [["session_token", "60CBDquqa_lBIOmSRIkY-Q"], ["LIMIT", 1]]
  ↳ app/controllers/application_controller.rb:8
Completed 200 OK in 200ms (Views: 161.4ms | ActiveRecord: 36.5ms)


Started GET "/subs/new" for ::1 at 2021-05-03 11:54:53 -0700
Processing by SubsController#new as HTML
  Rendering subs/new.html.erb within layouts/application
  [1m[36mUser Load (3.1ms)[0m  [1m[34mSELECT  "users".* FROM "users" WHERE "users"."session_token" = $1 LIMIT $2[0m  [["session_token", "60CBDquqa_lBIOmSRIkY-Q"], ["LIMIT", 1]]
  ↳ app/controllers/application_controller.rb:8
  Rendered subs/new.html.erb within layouts/application (43.9ms)
Completed 200 OK in 166ms (Views: 160.0ms | ActiveRecord: 3.1ms)


Started POST "/subs" for ::1 at 2021-05-03 11:55:01 -0700
Processing by SubsController#create as HTML
  Parameters: {"authenticity_token"=>"xE4jRLC2D_19uFAtIt1s85fv4pw--wmKTm7Plb3DG_kInp4d1zY_gmmtbHaWpSBgqUZt8hBTkYbWM3K_pgMxFQ", "sub"=>{"moderator_id"=>"1", "title"=>"hey its my first sub", "description"=>"my subbbb"}}
  [1m[35m (30.7ms)[0m  [1m[35mBEGIN[0m
  ↳ app/controllers/subs_controller.rb:14
  [1m[36mUser Load (61.2ms)[0m  [1m[34mSELECT  "users".* FROM "users" WHERE "users"."id" = $1 LIMIT $2[0m  [["id", 1], ["LIMIT", 1]]
  ↳ app/controllers/subs_controller.rb:14
  [1m[36mSub Create (35.6ms)[0m  [1m[32mINSERT INTO "subs" ("title", "description", "created_at", "updated_at", "moderator_id") VALUES ($1, $2, $3, $4, $5) RETURNING "id"[0m  [["title", "hey its my first sub"], ["description", "my subbbb"], ["created_at", "2021-05-03 18:55:01.544014"], ["updated_at", "2021-05-03 18:55:01.544014"], ["moderator_id", 1]]
  ↳ app/controllers/subs_controller.rb:14
  [1m[35m (6.7ms)[0m  [1m[35mCOMMIT[0m
  ↳ app/controllers/subs_controller.rb:14
Redirected to http://localhost:3000/subs/1
Completed 302 Found in 151ms (ActiveRecord: 134.1ms)


Started GET "/subs/1" for ::1 at 2021-05-03 11:55:01 -0700
Processing by SubsController#show as HTML
  Parameters: {"id"=>"1"}
  [1m[36mSub Load (0.8ms)[0m  [1m[34mSELECT  "subs".* FROM "subs" WHERE "subs"."id" = $1 LIMIT $2[0m  [["id", 1], ["LIMIT", 1]]
  ↳ app/controllers/subs_controller.rb:23
  Rendering subs/show.html.erb within layouts/application
  Rendered subs/show.html.erb within layouts/application (0.4ms)
  [1m[36mUser Load (0.4ms)[0m  [1m[34mSELECT  "users".* FROM "users" WHERE "users"."session_token" = $1 LIMIT $2[0m  [["session_token", "60CBDquqa_lBIOmSRIkY-Q"], ["LIMIT", 1]]
  ↳ app/controllers/application_controller.rb:8
Completed 200 OK in 183ms (Views: 160.9ms | ActiveRecord: 1.2ms)


Started GET "/subs/1" for ::1 at 2021-05-03 11:56:05 -0700
Processing by SubsController#show as HTML
  Parameters: {"id"=>"1"}
  [1m[36mSub Load (11.4ms)[0m  [1m[34mSELECT  "subs".* FROM "subs" WHERE "subs"."id" = $1 LIMIT $2[0m  [["id", 1], ["LIMIT", 1]]
  ↳ app/controllers/subs_controller.rb:23
  Rendering subs/show.html.erb within layouts/application
  Rendered subs/show.html.erb within layouts/application (11.8ms)
  [1m[36mUser Load (6.6ms)[0m  [1m[34mSELECT  "users".* FROM "users" WHERE "users"."session_token" = $1 LIMIT $2[0m  [["session_token", "60CBDquqa_lBIOmSRIkY-Q"], ["LIMIT", 1]]
  ↳ app/controllers/application_controller.rb:8
Completed 200 OK in 176ms (Views: 155.1ms | ActiveRecord: 17.9ms)


Started GET "/subs/1" for ::1 at 2021-05-03 11:58:30 -0700
Processing by SubsController#show as HTML
  Parameters: {"id"=>"1"}
  [1m[36mSub Load (37.5ms)[0m  [1m[34mSELECT  "subs".* FROM "subs" WHERE "subs"."id" = $1 LIMIT $2[0m  [["id", 1], ["LIMIT", 1]]
  ↳ app/controllers/subs_controller.rb:23
  Rendering subs/show.html.erb within layouts/application
  Rendered subs/show.html.erb within layouts/application (67.2ms)
Completed 500 Internal Server Error in 172ms (ActiveRecord: 37.5ms)



NoMethodError - undefined method `post' for nil:NilClass:
  app/views/subs/show.html.erb:6:in `_app_views_subs_show_html_erb__4603188980763538803_70153334717960'
  app/controllers/subs_controller.rb:24:in `show'

Started POST "/__better_errors/32a589a6aa618529/variables" for ::1 at 2021-05-03 11:58:31 -0700
Started GET "/subs/1" for ::1 at 2021-05-03 12:06:23 -0700
Processing by SubsController#show as HTML
  Parameters: {"id"=>"1"}
  [1m[36mSub Load (3.8ms)[0m  [1m[34mSELECT  "subs".* FROM "subs" WHERE "subs"."id" = $1 LIMIT $2[0m  [["id", 1], ["LIMIT", 1]]
  ↳ app/controllers/subs_controller.rb:23
  Rendering subs/show.html.erb within layouts/application
  Rendered subs/show.html.erb within layouts/application (42.3ms)
Completed 500 Internal Server Error in 192ms (ActiveRecord: 44.5ms)



NoMethodError - undefined method `post' for nil:NilClass:
  app/views/subs/show.html.erb:6:in `_app_views_subs_show_html_erb__4603188980763538803_70153274291600'
  app/controllers/subs_controller.rb:24:in `show'

Started POST "/__better_errors/28ba9f4d719f0801/variables" for ::1 at 2021-05-03 12:06:25 -0700
Started GET "/subs/new" for ::1 at 2021-05-03 12:06:31 -0700
Processing by SubsController#new as HTML
  Rendering subs/new.html.erb within layouts/application
  [1m[36mUser Load (2.0ms)[0m  [1m[34mSELECT  "users".* FROM "users" WHERE "users"."session_token" = $1 LIMIT $2[0m  [["session_token", "60CBDquqa_lBIOmSRIkY-Q"], ["LIMIT", 1]]
  ↳ app/controllers/application_controller.rb:8
  Rendered subs/new.html.erb within layouts/application (89.5ms)
Completed 200 OK in 243ms (Views: 190.3ms | ActiveRecord: 50.3ms)


Started GET "/subs" for ::1 at 2021-05-03 12:06:35 -0700
Processing by SubsController#index as HTML
  Rendering subs/index.html.erb within layouts/application
  [1m[36mSub Load (35.2ms)[0m  [1m[34mSELECT "subs".* FROM "subs"[0m
  ↳ app/views/subs/index.html.erb:4
  Rendered subs/index.html.erb within layouts/application (38.8ms)
  [1m[36mUser Load (0.5ms)[0m  [1m[34mSELECT  "users".* FROM "users" WHERE "users"."session_token" = $1 LIMIT $2[0m  [["session_token", "60CBDquqa_lBIOmSRIkY-Q"], ["LIMIT", 1]]
  ↳ app/controllers/application_controller.rb:8
Completed 200 OK in 156ms (Views: 119.2ms | ActiveRecord: 35.7ms)


Started GET "/subs/1" for ::1 at 2021-05-03 12:06:57 -0700
Processing by SubsController#show as HTML
  Parameters: {"id"=>"1"}
  [1m[36mSub Load (29.8ms)[0m  [1m[34mSELECT  "subs".* FROM "subs" WHERE "subs"."id" = $1 LIMIT $2[0m  [["id", 1], ["LIMIT", 1]]
  ↳ app/controllers/subs_controller.rb:23
  Rendering subs/show.html.erb within layouts/application
  Rendered subs/show.html.erb within layouts/application (11.3ms)
Completed 500 Internal Server Error in 80ms (ActiveRecord: 29.8ms)



NoMethodError - undefined method `post' for nil:NilClass:
  app/views/subs/show.html.erb:6:in `_app_views_subs_show_html_erb__4603188980763538803_70153322231600'
  app/controllers/subs_controller.rb:24:in `show'

Started POST "/__better_errors/581dfec08353f156/variables" for ::1 at 2021-05-03 12:06:57 -0700
Started GET "/subs" for ::1 at 2021-05-03 12:07:02 -0700
Processing by SubsController#index as HTML
  Rendering subs/index.html.erb within layouts/application
  [1m[36mSub Load (0.8ms)[0m  [1m[34mSELECT "subs".* FROM "subs"[0m
  ↳ app/views/subs/index.html.erb:4
  Rendered subs/index.html.erb within layouts/application (2.9ms)
  [1m[36mUser Load (0.8ms)[0m  [1m[34mSELECT  "users".* FROM "users" WHERE "users"."session_token" = $1 LIMIT $2[0m  [["session_token", "60CBDquqa_lBIOmSRIkY-Q"], ["LIMIT", 1]]
  ↳ app/controllers/application_controller.rb:8
Completed 200 OK in 278ms (Views: 275.8ms | ActiveRecord: 1.6ms)


Started GET "/subs/1" for ::1 at 2021-05-03 12:07:36 -0700
Processing by SubsController#show as HTML
  Parameters: {"id"=>"1"}
  [1m[36mSub Load (10.8ms)[0m  [1m[34mSELECT  "subs".* FROM "subs" WHERE "subs"."id" = $1 LIMIT $2[0m  [["id", 1], ["LIMIT", 1]]
  ↳ app/controllers/subs_controller.rb:23
  Rendering subs/show.html.erb within layouts/application
  Rendered subs/show.html.erb within layouts/application (18.3ms)
Completed 500 Internal Server Error in 52ms (ActiveRecord: 10.8ms)



NoMethodError - undefined method `post' for nil:NilClass:
  app/views/subs/show.html.erb:6:in `_app_views_subs_show_html_erb__4603188980763538803_70153270003640'
  app/controllers/subs_controller.rb:24:in `show'

Started POST "/__better_errors/bdf2a99726bfca2a/variables" for ::1 at 2021-05-03 12:07:36 -0700
Started GET "/subs/1" for ::1 at 2021-05-03 12:08:08 -0700
Processing by SubsController#show as HTML
  Parameters: {"id"=>"1"}
  [1m[36mSub Load (27.3ms)[0m  [1m[34mSELECT  "subs".* FROM "subs" WHERE "subs"."id" = $1 LIMIT $2[0m  [["id", 1], ["LIMIT", 1]]
  ↳ app/controllers/subs_controller.rb:23
  Rendering subs/show.html.erb within layouts/application
  Rendered subs/show.html.erb within layouts/application (27.0ms)
Completed 500 Internal Server Error in 125ms (ActiveRecord: 27.3ms)



NoMethodError - undefined method `posts' for nil:NilClass:
  app/views/subs/show.html.erb:6:in `_app_views_subs_show_html_erb__4603188980763538803_70153328160420'
  app/controllers/subs_controller.rb:24:in `show'

Started POST "/__better_errors/97817d66f9da3eb9/variables" for ::1 at 2021-05-03 12:08:09 -0700
Started GET "/subs/new" for ::1 at 2021-05-03 12:08:15 -0700
Processing by SubsController#new as HTML
  Rendering subs/new.html.erb within layouts/application
  [1m[36mUser Load (3.0ms)[0m  [1m[34mSELECT  "users".* FROM "users" WHERE "users"."session_token" = $1 LIMIT $2[0m  [["session_token", "60CBDquqa_lBIOmSRIkY-Q"], ["LIMIT", 1]]
  ↳ app/controllers/application_controller.rb:8
  Rendered subs/new.html.erb within layouts/application (22.5ms)
Completed 200 OK in 245ms (Views: 239.5ms | ActiveRecord: 3.0ms)


Started GET "/subs" for ::1 at 2021-05-03 12:08:17 -0700
Processing by SubsController#index as HTML
  Rendering subs/index.html.erb within layouts/application
  [1m[36mSub Load (20.4ms)[0m  [1m[34mSELECT "subs".* FROM "subs"[0m
  ↳ app/views/subs/index.html.erb:4
  Rendered subs/index.html.erb within layouts/application (23.3ms)
  [1m[36mUser Load (0.6ms)[0m  [1m[34mSELECT  "users".* FROM "users" WHERE "users"."session_token" = $1 LIMIT $2[0m  [["session_token", "60CBDquqa_lBIOmSRIkY-Q"], ["LIMIT", 1]]
  ↳ app/controllers/application_controller.rb:8
Completed 200 OK in 151ms (Views: 128.4ms | ActiveRecord: 21.0ms)


Started GET "/subs/1" for ::1 at 2021-05-03 12:08:19 -0700
Processing by SubsController#show as HTML
  Parameters: {"id"=>"1"}
  [1m[36mSub Load (28.5ms)[0m  [1m[34mSELECT  "subs".* FROM "subs" WHERE "subs"."id" = $1 LIMIT $2[0m  [["id", 1], ["LIMIT", 1]]
  ↳ app/controllers/subs_controller.rb:23
  Rendering subs/show.html.erb within layouts/application
  Rendered subs/show.html.erb within layouts/application (28.6ms)
Completed 500 Internal Server Error in 113ms (ActiveRecord: 28.5ms)



NoMethodError - undefined method `posts' for nil:NilClass:
  app/views/subs/show.html.erb:6:in `_app_views_subs_show_html_erb__4603188980763538803_70153334942900'
  app/controllers/subs_controller.rb:24:in `show'

Started POST "/__better_errors/832dc6e9afbce229/variables" for ::1 at 2021-05-03 12:08:19 -0700
Started POST "/__better_errors/832dc6e9afbce229/variables" for ::1 at 2021-05-03 12:08:27 -0700
Started GET "/subs" for ::1 at 2021-05-03 12:09:36 -0700
Processing by SubsController#index as HTML
  Rendering subs/index.html.erb within layouts/application
  [1m[36mSub Load (1.7ms)[0m  [1m[34mSELECT "subs".* FROM "subs"[0m
  ↳ app/views/subs/index.html.erb:4
  Rendered subs/index.html.erb within layouts/application (74.9ms)
  [1m[36mUser Load (6.1ms)[0m  [1m[34mSELECT  "users".* FROM "users" WHERE "users"."session_token" = $1 LIMIT $2[0m  [["session_token", "60CBDquqa_lBIOmSRIkY-Q"], ["LIMIT", 1]]
  ↳ app/controllers/application_controller.rb:8
Completed 200 OK in 524ms (Views: 501.3ms | ActiveRecord: 7.8ms)


Started GET "/subs/1" for ::1 at 2021-05-03 12:09:39 -0700
Processing by SubsController#show as HTML
  Parameters: {"id"=>"1"}
  [1m[36mSub Load (67.6ms)[0m  [1m[34mSELECT  "subs".* FROM "subs" WHERE "subs"."id" = $1 LIMIT $2[0m  [["id", 1], ["LIMIT", 1]]
  ↳ app/controllers/subs_controller.rb:23
  Rendering subs/show.html.erb within layouts/application
  Rendered subs/show.html.erb within layouts/application (10.4ms)
Completed 500 Internal Server Error in 113ms (ActiveRecord: 67.6ms)



NoMethodError - undefined method `posts' for nil:NilClass:
  app/views/subs/show.html.erb:5:in `_app_views_subs_show_html_erb__4603188980763538803_70153328065460'
  app/controllers/subs_controller.rb:24:in `show'

Started POST "/__better_errors/a6687afb6d3303cd/variables" for ::1 at 2021-05-03 12:09:39 -0700
Started GET "/subs/1" for ::1 at 2021-05-03 12:10:11 -0700
Processing by SubsController#show as HTML
  Parameters: {"id"=>"1"}
  [1m[36mSub Load (18.3ms)[0m  [1m[34mSELECT  "subs".* FROM "subs" WHERE "subs"."id" = $1 LIMIT $2[0m  [["id", 1], ["LIMIT", 1]]
  ↳ app/controllers/subs_controller.rb:23
  Rendering subs/show.html.erb within layouts/application
  [1m[36mPost Load (100.5ms)[0m  [1m[34mSELECT "posts".* FROM "posts" WHERE "posts"."sub_id" = $1[0m  [["sub_id", 1]]
  ↳ app/views/subs/show.html.erb:6
  Rendered subs/show.html.erb within layouts/application (179.6ms)
  [1m[36mUser Load (0.5ms)[0m  [1m[34mSELECT  "users".* FROM "users" WHERE "users"."session_token" = $1 LIMIT $2[0m  [["session_token", "60CBDquqa_lBIOmSRIkY-Q"], ["LIMIT", 1]]
  ↳ app/controllers/application_controller.rb:8
Completed 200 OK in 387ms (Views: 260.1ms | ActiveRecord: 122.0ms)


Started GET "/subs/1" for ::1 at 2021-05-03 12:14:05 -0700
Processing by SubsController#show as HTML
  Parameters: {"id"=>"1"}
  [1m[36mSub Load (18.6ms)[0m  [1m[34mSELECT  "subs".* FROM "subs" WHERE "subs"."id" = $1 LIMIT $2[0m  [["id", 1], ["LIMIT", 1]]
  ↳ app/controllers/subs_controller.rb:23
  Rendering subs/show.html.erb within layouts/application
  [1m[36mPost Load (0.5ms)[0m  [1m[34mSELECT "posts".* FROM "posts" WHERE "posts"."sub_id" = $1[0m  [["sub_id", 1]]
  ↳ app/views/subs/show.html.erb:6
  Rendered subs/show.html.erb within layouts/application (36.7ms)
  [1m[36mUser Load (0.4ms)[0m  [1m[34mSELECT  "users".* FROM "users" WHERE "users"."session_token" = $1 LIMIT $2[0m  [["session_token", "60CBDquqa_lBIOmSRIkY-Q"], ["LIMIT", 1]]
  ↳ app/controllers/application_controller.rb:8
Completed 200 OK in 282ms (Views: 260.4ms | ActiveRecord: 19.6ms)


Started GET "/subs/1" for ::1 at 2021-05-03 12:15:11 -0700
Processing by SubsController#show as HTML
  Parameters: {"id"=>"1"}
  [1m[36mSub Load (39.9ms)[0m  [1m[34mSELECT  "subs".* FROM "subs" WHERE "subs"."id" = $1 LIMIT $2[0m  [["id", 1], ["LIMIT", 1]]
  ↳ app/controllers/subs_controller.rb:23
  Rendering subs/show.html.erb within layouts/application
  [1m[36mPost Load (31.1ms)[0m  [1m[34mSELECT "posts".* FROM "posts" WHERE "posts"."sub_id" = $1[0m  [["sub_id", 1]]
  ↳ app/views/subs/show.html.erb:6
  [1m[36mUser Load (4.3ms)[0m  [1m[34mSELECT  "users".* FROM "users" WHERE "users"."session_token" = $1 LIMIT $2[0m  [["session_token", "60CBDquqa_lBIOmSRIkY-Q"], ["LIMIT", 1]]
  ↳ app/controllers/application_controller.rb:8
  Rendered subs/show.html.erb within layouts/application (39.7ms)
Completed 200 OK in 271ms (Views: 192.7ms | ActiveRecord: 75.3ms)


Started GET "/subs/1" for ::1 at 2021-05-03 12:17:43 -0700
Processing by SubsController#show as HTML
  Parameters: {"id"=>"1"}
  [1m[36mSub Load (0.3ms)[0m  [1m[34mSELECT  "subs".* FROM "subs" WHERE "subs"."id" = $1 LIMIT $2[0m  [["id", 1], ["LIMIT", 1]]
  ↳ app/controllers/subs_controller.rb:23
  Rendering subs/show.html.erb within layouts/application
  [1m[36mPost Load (0.6ms)[0m  [1m[34mSELECT "posts".* FROM "posts" WHERE "posts"."sub_id" = $1[0m  [["sub_id", 1]]
  ↳ app/views/subs/show.html.erb:6
  [1m[36mUser Load (0.7ms)[0m  [1m[34mSELECT  "users".* FROM "users" WHERE "users"."session_token" = $1 LIMIT $2[0m  [["session_token", "60CBDquqa_lBIOmSRIkY-Q"], ["LIMIT", 1]]
  ↳ app/controllers/application_controller.rb:8
  Rendered subs/show.html.erb within layouts/application (246.9ms)
Completed 200 OK in 448ms (Views: 337.2ms | ActiveRecord: 63.4ms)


Started POST "/subs/1/posts" for ::1 at 2021-05-03 12:17:51 -0700
Processing by PostsController#create as HTML
  Parameters: {"authenticity_token"=>"Yy-gRbcfR_UOmB7Fgd699cVFk5kelbUJcuOTggg_Yc-v_x0c0J93ihqNIp41pvFm--wc9zA9LQXqvi6oE_9LIw", "post"=>{"author_id"=>"1", "title"=>"my first post!!"}, "sub_id"=>"1"}
  [1m[36mUser Load (3.6ms)[0m  [1m[34mSELECT  "users".* FROM "users" WHERE "users"."session_token" = $1 LIMIT $2[0m  [["session_token", "60CBDquqa_lBIOmSRIkY-Q"], ["LIMIT", 1]]
  ↳ app/controllers/application_controller.rb:8
  [1m[35m (0.2ms)[0m  [1m[35mBEGIN[0m
  ↳ app/controllers/posts_controller.rb:13
  [1m[36mUser Load (0.5ms)[0m  [1m[34mSELECT  "users".* FROM "users" WHERE "users"."id" = $1 LIMIT $2[0m  [["id", 1], ["LIMIT", 1]]
  ↳ app/controllers/posts_controller.rb:13
  [1m[36mSub Load (4.5ms)[0m  [1m[34mSELECT  "subs".* FROM "subs" WHERE "subs"."id" = $1 LIMIT $2[0m  [["id", 1], ["LIMIT", 1]]
  ↳ app/controllers/posts_controller.rb:13
  [1m[36mPost Create (5.5ms)[0m  [1m[32mINSERT INTO "posts" ("title", "sub_id", "author_id", "created_at", "updated_at") VALUES ($1, $2, $3, $4, $5) RETURNING "id"[0m  [["title", "my first post!!"], ["sub_id", 1], ["author_id", 1], ["created_at", "2021-05-03 19:17:51.419922"], ["updated_at", "2021-05-03 19:17:51.419922"]]
  ↳ app/controllers/posts_controller.rb:13
  [1m[35m (53.8ms)[0m  [1m[35mCOMMIT[0m
  ↳ app/controllers/posts_controller.rb:13
Redirected to http://localhost:3000/posts/1
Completed 302 Found in 210ms (ActiveRecord: 93.1ms)


Started GET "/posts/1" for ::1 at 2021-05-03 12:17:51 -0700
Processing by PostsController#show as HTML
  Parameters: {"id"=>"1"}
  [1m[36mUser Load (2.7ms)[0m  [1m[34mSELECT  "users".* FROM "users" WHERE "users"."session_token" = $1 LIMIT $2[0m  [["session_token", "60CBDquqa_lBIOmSRIkY-Q"], ["LIMIT", 1]]
  ↳ app/controllers/application_controller.rb:8
  [1m[36mPost Load (1.0ms)[0m  [1m[34mSELECT  "posts".* FROM "posts" WHERE "posts"."id" = $1 LIMIT $2[0m  [["id", 1], ["LIMIT", 1]]
  ↳ app/controllers/posts_controller.rb:22
  Rendering posts/show.html.erb within layouts/application
  Rendered posts/show.html.erb within layouts/application (0.5ms)
Completed 200 OK in 111ms (Views: 93.1ms | ActiveRecord: 3.7ms)


Started GET "/posts/1" for ::1 at 2021-05-03 12:18:19 -0700
Processing by PostsController#show as HTML
  Parameters: {"id"=>"1"}
  [1m[36mUser Load (25.4ms)[0m  [1m[34mSELECT  "users".* FROM "users" WHERE "users"."session_token" = $1 LIMIT $2[0m  [["session_token", "60CBDquqa_lBIOmSRIkY-Q"], ["LIMIT", 1]]
  ↳ app/controllers/application_controller.rb:8
  [1m[36mPost Load (25.1ms)[0m  [1m[34mSELECT  "posts".* FROM "posts" WHERE "posts"."id" = $1 LIMIT $2[0m  [["id", 1], ["LIMIT", 1]]
  ↳ app/controllers/posts_controller.rb:22
  Rendering posts/show.html.erb within layouts/application
  Rendered posts/show.html.erb within layouts/application (0.7ms)
Completed 200 OK in 161ms (Views: 104.2ms | ActiveRecord: 50.5ms)


Started GET "/posts/1" for ::1 at 2021-05-03 12:18:57 -0700
Processing by PostsController#show as HTML
  Parameters: {"id"=>"1"}
  [1m[36mUser Load (13.6ms)[0m  [1m[34mSELECT  "users".* FROM "users" WHERE "users"."session_token" = $1 LIMIT $2[0m  [["session_token", "60CBDquqa_lBIOmSRIkY-Q"], ["LIMIT", 1]]
  ↳ app/controllers/application_controller.rb:8
  [1m[36mPost Load (52.5ms)[0m  [1m[34mSELECT  "posts".* FROM "posts" WHERE "posts"."id" = $1 LIMIT $2[0m  [["id", 1], ["LIMIT", 1]]
  ↳ app/controllers/posts_controller.rb:22
  Rendering posts/show.html.erb within layouts/application
  Rendered posts/show.html.erb within layouts/application (1.2ms)
Completed 200 OK in 306ms (Views: 236.2ms | ActiveRecord: 66.1ms)


Started GET "/subs/1" for ::1 at 2021-05-03 12:18:59 -0700
Processing by SubsController#show as HTML
  Parameters: {"id"=>"1"}
  [1m[36mSub Load (6.1ms)[0m  [1m[34mSELECT  "subs".* FROM "subs" WHERE "subs"."id" = $1 LIMIT $2[0m  [["id", 1], ["LIMIT", 1]]
  ↳ app/controllers/subs_controller.rb:23
  Rendering subs/show.html.erb within layouts/application
  [1m[36mPost Load (48.8ms)[0m  [1m[34mSELECT "posts".* FROM "posts" WHERE "posts"."sub_id" = $1[0m  [["sub_id", 1]]
  ↳ app/views/subs/show.html.erb:6
  Rendered subs/show.html.erb within layouts/application (118.2ms)
Completed 500 Internal Server Error in 184ms (ActiveRecord: 54.9ms)



NoMethodError - undefined method `description' for #<Post:0x00007f9bab5df310>:
  app/views/subs/show.html.erb:8:in `block in _app_views_subs_show_html_erb__4603188980763538803_70153269464660'
  app/views/subs/show.html.erb:6:in `_app_views_subs_show_html_erb__4603188980763538803_70153269464660'
  app/controllers/subs_controller.rb:24:in `show'

Started POST "/__better_errors/29795a7c857600ae/variables" for ::1 at 2021-05-03 12:19:00 -0700
Started GET "/subs/1" for ::1 at 2021-05-03 12:19:37 -0700
Processing by SubsController#show as HTML
  Parameters: {"id"=>"1"}
  [1m[36mSub Load (30.7ms)[0m  [1m[34mSELECT  "subs".* FROM "subs" WHERE "subs"."id" = $1 LIMIT $2[0m  [["id", 1], ["LIMIT", 1]]
  ↳ app/controllers/subs_controller.rb:23
  Rendering subs/show.html.erb within layouts/application
  [1m[36mPost Load (25.7ms)[0m  [1m[34mSELECT "posts".* FROM "posts" WHERE "posts"."sub_id" = $1[0m  [["sub_id", 1]]
  ↳ app/views/subs/show.html.erb:6
  Rendered subs/show.html.erb within layouts/application (76.4ms)
Completed 500 Internal Server Error in 175ms (ActiveRecord: 56.4ms)



NoMethodError - undefined method `description' for #<Post:0x00007f9bafd3ccd0>:
  app/views/subs/show.html.erb:8:in `block in _app_views_subs_show_html_erb__4603188980763538803_70153328082820'
  app/views/subs/show.html.erb:6:in `_app_views_subs_show_html_erb__4603188980763538803_70153328082820'
  app/controllers/subs_controller.rb:24:in `show'

Started POST "/__better_errors/e014b14447c4b190/variables" for ::1 at 2021-05-03 12:19:38 -0700
Started GET "/subs/1" for ::1 at 2021-05-03 12:20:10 -0700
Processing by SubsController#show as HTML
  Parameters: {"id"=>"1"}
  [1m[36mSub Load (31.0ms)[0m  [1m[34mSELECT  "subs".* FROM "subs" WHERE "subs"."id" = $1 LIMIT $2[0m  [["id", 1], ["LIMIT", 1]]
  ↳ app/controllers/subs_controller.rb:23
  Rendering subs/show.html.erb within layouts/application
  [1m[36mPost Load (8.9ms)[0m  [1m[34mSELECT "posts".* FROM "posts" WHERE "posts"."sub_id" = $1[0m  [["sub_id", 1]]
  ↳ app/views/subs/show.html.erb:6
  [1m[36mUser Load (39.1ms)[0m  [1m[34mSELECT  "users".* FROM "users" WHERE "users"."session_token" = $1 LIMIT $2[0m  [["session_token", "60CBDquqa_lBIOmSRIkY-Q"], ["LIMIT", 1]]
  ↳ app/controllers/application_controller.rb:8
  Rendered subs/show.html.erb within layouts/application (58.1ms)
Completed 200 OK in 238ms (Views: 156.7ms | ActiveRecord: 78.9ms)


Started POST "/subs/1/posts" for ::1 at 2021-05-03 12:20:15 -0700
Processing by PostsController#create as HTML
  Parameters: {"authenticity_token"=>"ScKMg6A4pE2V-qsCLe591XEEVSqW1i2u8Voa0bszrIKFEjHax7iUMoHvl1mZljFGT63aRLh-taJpB6f7oPOGbg", "post"=>{"author_id"=>"1", "title"=>"anotha post"}, "sub_id"=>"1"}
  [1m[36mUser Load (33.2ms)[0m  [1m[34mSELECT  "users".* FROM "users" WHERE "users"."session_token" = $1 LIMIT $2[0m  [["session_token", "60CBDquqa_lBIOmSRIkY-Q"], ["LIMIT", 1]]
  ↳ app/controllers/application_controller.rb:8
  [1m[35m (58.0ms)[0m  [1m[35mBEGIN[0m
  ↳ app/controllers/posts_controller.rb:13
  [1m[36mUser Load (38.6ms)[0m  [1m[34mSELECT  "users".* FROM "users" WHERE "users"."id" = $1 LIMIT $2[0m  [["id", 1], ["LIMIT", 1]]
  ↳ app/controllers/posts_controller.rb:13
  [1m[36mSub Load (31.3ms)[0m  [1m[34mSELECT  "subs".* FROM "subs" WHERE "subs"."id" = $1 LIMIT $2[0m  [["id", 1], ["LIMIT", 1]]
  ↳ app/controllers/posts_controller.rb:13
  [1m[36mPost Create (22.6ms)[0m  [1m[32mINSERT INTO "posts" ("title", "sub_id", "author_id", "created_at", "updated_at") VALUES ($1, $2, $3, $4, $5) RETURNING "id"[0m  [["title", "anotha post"], ["sub_id", 1], ["author_id", 1], ["created_at", "2021-05-03 19:20:15.510827"], ["updated_at", "2021-05-03 19:20:15.510827"]]
  ↳ app/controllers/posts_controller.rb:13
  [1m[35m (21.7ms)[0m  [1m[35mCOMMIT[0m
  ↳ app/controllers/posts_controller.rb:13
Redirected to http://localhost:3000/posts/2
Completed 302 Found in 235ms (ActiveRecord: 205.4ms)


Started GET "/posts/2" for ::1 at 2021-05-03 12:20:15 -0700
Processing by PostsController#show as HTML
  Parameters: {"id"=>"2"}
  [1m[36mUser Load (3.3ms)[0m  [1m[34mSELECT  "users".* FROM "users" WHERE "users"."session_token" = $1 LIMIT $2[0m  [["session_token", "60CBDquqa_lBIOmSRIkY-Q"], ["LIMIT", 1]]
  ↳ app/controllers/application_controller.rb:8
  [1m[36mPost Load (2.2ms)[0m  [1m[34mSELECT  "posts".* FROM "posts" WHERE "posts"."id" = $1 LIMIT $2[0m  [["id", 2], ["LIMIT", 1]]
  ↳ app/controllers/posts_controller.rb:22
  Rendering posts/show.html.erb within layouts/application
  Rendered posts/show.html.erb within layouts/application (1.5ms)
Completed 200 OK in 127ms (Views: 106.5ms | ActiveRecord: 5.4ms)


Started GET "/subs/1" for ::1 at 2021-05-03 12:20:20 -0700
Processing by SubsController#show as HTML
  Parameters: {"id"=>"1"}
  [1m[36mSub Load (3.5ms)[0m  [1m[34mSELECT  "subs".* FROM "subs" WHERE "subs"."id" = $1 LIMIT $2[0m  [["id", 1], ["LIMIT", 1]]
  ↳ app/controllers/subs_controller.rb:23
  Rendering subs/show.html.erb within layouts/application
  [1m[36mPost Load (1.1ms)[0m  [1m[34mSELECT "posts".* FROM "posts" WHERE "posts"."sub_id" = $1[0m  [["sub_id", 1]]
  ↳ app/views/subs/show.html.erb:6
  [1m[36mUser Load (3.0ms)[0m  [1m[34mSELECT  "users".* FROM "users" WHERE "users"."session_token" = $1 LIMIT $2[0m  [["session_token", "60CBDquqa_lBIOmSRIkY-Q"], ["LIMIT", 1]]
  ↳ app/controllers/application_controller.rb:8
  Rendered subs/show.html.erb within layouts/application (8.3ms)
Completed 200 OK in 172ms (Views: 161.2ms | ActiveRecord: 7.6ms)


Started POST "/subs/1/posts" for ::1 at 2021-05-03 12:20:28 -0700
Processing by PostsController#create as HTML
  Parameters: {"authenticity_token"=>"pja7v2xIoSeKAaaRN6NdcZnDcD3TNIQSWAwCj25LmrVq5gbmC8iRWJ4UmsqD2xHip2r_U_2cHB7AUb-ldYuwWQ", "post"=>{"author_id"=>"1", "title"=>"anotha anmother"}, "sub_id"=>"1"}
  [1m[36mUser Load (24.8ms)[0m  [1m[34mSELECT  "users".* FROM "users" WHERE "users"."session_token" = $1 LIMIT $2[0m  [["session_token", "60CBDquqa_lBIOmSRIkY-Q"], ["LIMIT", 1]]
  ↳ app/controllers/application_controller.rb:8
  [1m[35m (35.8ms)[0m  [1m[35mBEGIN[0m
  ↳ app/controllers/posts_controller.rb:13
  [1m[36mUser Load (31.6ms)[0m  [1m[34mSELECT  "users".* FROM "users" WHERE "users"."id" = $1 LIMIT $2[0m  [["id", 1], ["LIMIT", 1]]
  ↳ app/controllers/posts_controller.rb:13
  [1m[36mSub Load (1.9ms)[0m  [1m[34mSELECT  "subs".* FROM "subs" WHERE "subs"."id" = $1 LIMIT $2[0m  [["id", 1], ["LIMIT", 1]]
  ↳ app/controllers/posts_controller.rb:13
  [1m[36mPost Create (16.2ms)[0m  [1m[32mINSERT INTO "posts" ("title", "sub_id", "author_id", "created_at", "updated_at") VALUES ($1, $2, $3, $4, $5) RETURNING "id"[0m  [["title", "anotha anmother"], ["sub_id", 1], ["author_id", 1], ["created_at", "2021-05-03 19:20:28.893188"], ["updated_at", "2021-05-03 19:20:28.893188"]]
  ↳ app/controllers/posts_controller.rb:13
  [1m[35m (3.8ms)[0m  [1m[35mCOMMIT[0m
  ↳ app/controllers/posts_controller.rb:13
Redirected to http://localhost:3000/posts/3
Completed 302 Found in 135ms (ActiveRecord: 114.2ms)


Started GET "/posts/3" for ::1 at 2021-05-03 12:20:28 -0700
Processing by PostsController#show as HTML
  Parameters: {"id"=>"3"}
  [1m[36mUser Load (34.2ms)[0m  [1m[34mSELECT  "users".* FROM "users" WHERE "users"."session_token" = $1 LIMIT $2[0m  [["session_token", "60CBDquqa_lBIOmSRIkY-Q"], ["LIMIT", 1]]
  ↳ app/controllers/application_controller.rb:8
  [1m[36mPost Load (2.1ms)[0m  [1m[34mSELECT  "posts".* FROM "posts" WHERE "posts"."id" = $1 LIMIT $2[0m  [["id", 3], ["LIMIT", 1]]
  ↳ app/controllers/posts_controller.rb:22
  Rendering posts/show.html.erb within layouts/application
  Rendered posts/show.html.erb within layouts/application (1.6ms)
Completed 200 OK in 229ms (Views: 163.7ms | ActiveRecord: 36.2ms)


Started GET "/subs/1" for ::1 at 2021-05-03 12:20:33 -0700
Processing by SubsController#show as HTML
  Parameters: {"id"=>"1"}
  [1m[36mSub Load (13.5ms)[0m  [1m[34mSELECT  "subs".* FROM "subs" WHERE "subs"."id" = $1 LIMIT $2[0m  [["id", 1], ["LIMIT", 1]]
  ↳ app/controllers/subs_controller.rb:23
  Rendering subs/show.html.erb within layouts/application
  [1m[36mPost Load (1.3ms)[0m  [1m[34mSELECT "posts".* FROM "posts" WHERE "posts"."sub_id" = $1[0m  [["sub_id", 1]]
  ↳ app/views/subs/show.html.erb:6
  [1m[36mUser Load (7.5ms)[0m  [1m[34mSELECT  "users".* FROM "users" WHERE "users"."session_token" = $1 LIMIT $2[0m  [["session_token", "60CBDquqa_lBIOmSRIkY-Q"], ["LIMIT", 1]]
  ↳ app/controllers/application_controller.rb:8
  Rendered subs/show.html.erb within layouts/application (16.2ms)
Completed 200 OK in 182ms (Views: 154.3ms | ActiveRecord: 22.3ms)


Started GET "/subs/1" for ::1 at 2021-05-03 12:20:44 -0700
Processing by SubsController#show as HTML
  Parameters: {"id"=>"1"}
  [1m[36mSub Load (7.5ms)[0m  [1m[34mSELECT  "subs".* FROM "subs" WHERE "subs"."id" = $1 LIMIT $2[0m  [["id", 1], ["LIMIT", 1]]
  ↳ app/controllers/subs_controller.rb:23
  Rendering subs/show.html.erb within layouts/application
  [1m[36mPost Load (10.2ms)[0m  [1m[34mSELECT "posts".* FROM "posts" WHERE "posts"."sub_id" = $1[0m  [["sub_id", 1]]
  ↳ app/views/subs/show.html.erb:6
  [1m[36mUser Load (2.2ms)[0m  [1m[34mSELECT  "users".* FROM "users" WHERE "users"."session_token" = $1 LIMIT $2[0m  [["session_token", "60CBDquqa_lBIOmSRIkY-Q"], ["LIMIT", 1]]
  ↳ app/controllers/application_controller.rb:8
  Rendered subs/show.html.erb within layouts/application (18.5ms)
Completed 200 OK in 192ms (Views: 169.1ms | ActiveRecord: 19.9ms)


